Using pre-set license
Built from '2022.3/staging' branch; Version is '2022.3.17f1 (4fc78088f837) revision 5228416'; Using compiler version '192829333'; Build Type 'Release'
OS: 'Windows 11  (10.0.22621) 64bit CoreSingleLanguage' Language: 'en' Physical Memory: 18277 MB
BatchMode: 1, IsHumanControllingUs: 0, StartBugReporterOnCrash: 0, Is64bit: 1, IsPro: 1

COMMAND LINE ARGUMENTS:
D:\unity\2022.3.17f1\Editor\Unity.exe
-adb2
-batchMode
-noUpm
-name
AssetImportWorker1
-projectPath
D:/and/Exported files/ExportedProject
-logFile
Logs/AssetImportWorker1.log
-srvPort
51859
Successfully changed project path to: D:/and/Exported files/ExportedProject
D:/and/Exported files/ExportedProject
[UnityMemory] Configuration Parameters - Can be set up in boot.config
    "memorysetup-bucket-allocator-granularity=16"
    "memorysetup-bucket-allocator-bucket-count=8"
    "memorysetup-bucket-allocator-block-size=33554432"
    "memorysetup-bucket-allocator-block-count=8"
    "memorysetup-main-allocator-block-size=16777216"
    "memorysetup-thread-allocator-block-size=16777216"
    "memorysetup-gfx-main-allocator-block-size=16777216"
    "memorysetup-gfx-thread-allocator-block-size=16777216"
    "memorysetup-cache-allocator-block-size=4194304"
    "memorysetup-typetree-allocator-block-size=2097152"
    "memorysetup-profiler-bucket-allocator-granularity=16"
    "memorysetup-profiler-bucket-allocator-bucket-count=8"
    "memorysetup-profiler-bucket-allocator-block-size=33554432"
    "memorysetup-profiler-bucket-allocator-block-count=8"
    "memorysetup-profiler-allocator-block-size=16777216"
    "memorysetup-profiler-editor-allocator-block-size=1048576"
    "memorysetup-temp-allocator-size-main=16777216"
    "memorysetup-job-temp-allocator-block-size=2097152"
    "memorysetup-job-temp-allocator-block-size-background=1048576"
    "memorysetup-job-temp-allocator-reduction-small-platforms=262144"
    "memorysetup-allocator-temp-initial-block-size-main=262144"
    "memorysetup-allocator-temp-initial-block-size-worker=262144"
    "memorysetup-temp-allocator-size-background-worker=32768"
    "memorysetup-temp-allocator-size-job-worker=262144"
    "memorysetup-temp-allocator-size-preload-manager=33554432"
    "memorysetup-temp-allocator-size-nav-mesh-worker=65536"
    "memorysetup-temp-allocator-size-audio-worker=65536"
    "memorysetup-temp-allocator-size-cloud-worker=32768"
    "memorysetup-temp-allocator-size-gi-baking-worker=262144"
    "memorysetup-temp-allocator-size-gfx=262144"
Player connection [8228] Host "[IP] 192.168.29.40 [Port] 0 [Flags] 2 [Guid] 4199847871 [EditorId] 4199847871 [Version] 1048832 [Id] WindowsEditor(7,Adisamzu) [Debug] 1 [PackageName] WindowsEditor [ProjectName] Editor" joined multi-casting on [225.0.0.222:54997]...

Player connection [8228] Host "[IP] 192.168.29.40 [Port] 0 [Flags] 2 [Guid] 4199847871 [EditorId] 4199847871 [Version] 1048832 [Id] WindowsEditor(7,Adisamzu) [Debug] 1 [PackageName] WindowsEditor [ProjectName] Editor" joined alternative multi-casting on [225.0.0.222:34997]...

[Physics::Module] Initialized MultithreadedJobDispatcher with 11 workers.
Refreshing native plugins compatible for Editor in 6.15 ms, found 0 plugins.
Preloading 0 native plugins for Editor in 0.00 ms.
Initialize engine version: 2022.3.17f1 (4fc78088f837)
[Subsystems] Discovering subsystems at path D:/unity/2022.3.17f1/Editor/Data/Resources/UnitySubsystems
[Subsystems] Discovering subsystems at path D:/and/Exported files/ExportedProject/Assets
GfxDevice: creating device client; threaded=0; jobified=0
Direct3D:
    Version:  Direct3D 11.0 [level 11.1]
    Renderer: AMD Radeon(TM) Graphics (ID=0x164c)
    Vendor:   ATI
    VRAM:     9138 MB
    Driver:   31.0.12044.56000
Initialize mono
Mono path[0] = 'D:/unity/2022.3.17f1/Editor/Data/Managed'
Mono path[1] = 'D:/unity/2022.3.17f1/Editor/Data/MonoBleedingEdge/lib/mono/unityjit-win32'
Mono config path = 'D:/unity/2022.3.17f1/Editor/Data/MonoBleedingEdge/etc'
Using monoOptions --debugger-agent=transport=dt_socket,embedding=1,server=y,suspend=n,address=127.0.0.1:56480
Begin MonoManager ReloadAssembly
Registering precompiled unity dll's ...
Register platform support module: D:/unity/2022.3.17f1/Editor/Data/PlaybackEngines/WebGLSupport/UnityEditor.WebGL.Extensions.dll
Register platform support module: D:/unity/2022.3.17f1/Editor/Data/PlaybackEngines/WindowsStandaloneSupport/UnityEditor.WindowsStandalone.Extensions.dll
Registered in 0.003684 seconds.
- Loaded All Assemblies, in  0.423 seconds
Native extension for WindowsStandalone target not found
Native extension for WebGL target not found
Mono: successfully reloaded assembly
- Finished resetting the current domain, in  0.316 seconds
Domain Reload Profiling: 739ms
	BeginReloadAssembly (143ms)
		ExecutionOrderSort (0ms)
		DisableScriptedObjects (0ms)
		BackupInstance (0ms)
		ReleaseScriptingObjects (0ms)
		CreateAndSetChildDomain (1ms)
	RebuildCommonClasses (42ms)
	RebuildNativeTypeToScriptingClass (12ms)
	initialDomainReloadingComplete (55ms)
	LoadAllAssembliesAndSetupDomain (171ms)
		LoadAssemblies (143ms)
		RebuildTransferFunctionScriptingTraits (0ms)
		AnalyzeDomain (168ms)
			TypeCache.Refresh (166ms)
				TypeCache.ScanAssembly (150ms)
			ScanForSourceGeneratedMonoScriptInfo (1ms)
			ResolveRequiredComponents (1ms)
	FinalizeReload (316ms)
		ReleaseScriptCaches (0ms)
		RebuildScriptCaches (0ms)
		SetupLoadedEditorAssemblies (250ms)
			LogAssemblyErrors (0ms)
			InitializePlatformSupportModulesInManaged (10ms)
			SetLoadedEditorAssemblies (6ms)
			RefreshPlugins (0ms)
			BeforeProcessingInitializeOnLoad (3ms)
			ProcessInitializeOnLoadAttributes (174ms)
			ProcessInitializeOnLoadMethodAttributes (58ms)
			AfterProcessingInitializeOnLoad (0ms)
			EditorAssembliesLoaded (0ms)
		ExecutionOrderSort2 (0ms)
		AwakeInstancesAfterBackupRestoration (0ms)
========================================================================
Worker process is ready to serve import requests
Begin MonoManager ReloadAssembly
Unloading broken assembly Assets/Plugins/Unity.VisualScripting.Core.dll, this assembly can cause crashes in the runtime
Unloading broken assembly Assets/Plugins/Unity.TextMeshPro.dll, this assembly can cause crashes in the runtime
Unloading broken assembly Assets/Plugins/Unity.VisualScripting.Flow.dll, this assembly can cause crashes in the runtime
- Loaded All Assemblies, in  0.342 seconds
Refreshing native plugins compatible for Editor in 2.19 ms, found 0 plugins.
Native extension for WindowsStandalone target not found
Native extension for WebGL target not found
Mono: successfully reloaded assembly
- Finished resetting the current domain, in  0.330 seconds
Domain Reload Profiling: 672ms
	BeginReloadAssembly (161ms)
		ExecutionOrderSort (0ms)
		DisableScriptedObjects (6ms)
		BackupInstance (0ms)
		ReleaseScriptingObjects (0ms)
		CreateAndSetChildDomain (24ms)
	RebuildCommonClasses (36ms)
	RebuildNativeTypeToScriptingClass (11ms)
	initialDomainReloadingComplete (26ms)
	LoadAllAssembliesAndSetupDomain (106ms)
		LoadAssemblies (137ms)
		RebuildTransferFunctionScriptingTraits (0ms)
		AnalyzeDomain (57ms)
			TypeCache.Refresh (32ms)
				TypeCache.ScanAssembly (23ms)
			ScanForSourceGeneratedMonoScriptInfo (12ms)
			ResolveRequiredComponents (12ms)
	FinalizeReload (330ms)
		ReleaseScriptCaches (0ms)
		RebuildScriptCaches (0ms)
		SetupLoadedEditorAssemblies (191ms)
			LogAssemblyErrors (0ms)
			InitializePlatformSupportModulesInManaged (5ms)
			SetLoadedEditorAssemblies (3ms)
			RefreshPlugins (0ms)
			BeforeProcessingInitializeOnLoad (21ms)
			ProcessInitializeOnLoadAttributes (141ms)
			ProcessInitializeOnLoadMethodAttributes (19ms)
			AfterProcessingInitializeOnLoad (2ms)
			EditorAssembliesLoaded (0ms)
		ExecutionOrderSort2 (0ms)
		AwakeInstancesAfterBackupRestoration (6ms)
Launched and connected shader compiler UnityShaderCompiler.exe after 0.04 seconds
Refreshing native plugins compatible for Editor in 1.90 ms, found 0 plugins.
Preloading 0 native plugins for Editor in 0.00 ms.
Unloading 51 Unused Serialized files (Serialized files now loaded: 0)
Unloading 18 unused Assets / (24.0 KB). Loaded Objects now: 672.
Memory consumption went from 56.7 MB to 56.7 MB.
Total: 2.208800 ms (FindLiveObjects: 0.051600 ms CreateObjectMapping: 0.009300 ms MarkObjects: 2.098700 ms  DeleteObjects: 0.048100 ms)

AssetImportParameters requested are different than current active one (requested -> active):
  custom:video-encoder-webm-vp8: eb34c28f22e8b96e1ab97ce403110664 -> 
  custom:video-decoder-webm-vp8: 9c59270c3fd7afecdb556c50c9e8de78 -> 
  custom:audio-decoder-ogg-vorbis: bf7c407c2cedff20999df2af8eb42d56 -> 
  custom:SearchIndexIgnoredProperties: e643bd26f0fe6173181afceb89e7c659 -> 
  custom:container-demuxer-ogg: 62fdf1f143b41e24485cea50d1cbac27 -> 
  custom:AudioImporter_EditorPlatform: d09bf68614088b80899f8185d706f6e7 -> 
  custom:CustomObjectIndexerAttribute: 6d391050e5a25f67b0a2c618074f2cd9 -> 
  custom:container-demuxer-webm: 4f35f7cbe854078d1ac9338744f61a02 -> 
  custom:video-codec-MediaFoundation-h265: 746d11721c4dcdbdad8f713fa42b33f4 -> 
  custom:video-decoder-ogg-theora: a1e56fd34408186e4bbccfd4996cb3dc -> 
  custom:audio-encoder-webm-vorbis: bf7c407c2cedff20999df2af8eb42d56 -> 
  custom:framework-win-MediaFoundation: 216162199b28c13a410421893ffa2e32 -> 
  custom:container-muxer-webm: aa71ff27fc2769a1b78a27578f13a17b -> 
========================================================================
Received Import Request.
  Time since last request: 11597.829298 seconds.
  path: Assets/AudioClip/fastrunning-6306.ogg
  artifactKey: Guid(4297adb5ad3cf094c9b46d04edd8e0ff) Importer(815301076,1909f56bfc062723c751e8b465ee728b)
Start importing Assets/AudioClip/fastrunning-6306.ogg using Guid(4297adb5ad3cf094c9b46d04edd8e0ff) Importer(815301076,1909f56bfc062723c751e8b465ee728b)  -> (artifact id: '4b899f0cf520dbfa234d0790a0b9a7e3') in 0.142236 seconds
Number of updated asset objects reloaded before import = 0
Number of asset objects unloaded after import = 2
========================================================================
Received Import Request.
  Time since last request: 0.000031 seconds.
  path: Assets/AudioClip/HM3XVDW-scream-pain-16246.ogg
  artifactKey: Guid(1ea30daeb077fff4cb696a9d4b310d06) Importer(815301076,1909f56bfc062723c751e8b465ee728b)
Start importing Assets/AudioClip/HM3XVDW-scream-pain-16246.ogg using Guid(1ea30daeb077fff4cb696a9d4b310d06) Importer(815301076,1909f56bfc062723c751e8b465ee728b)  -> (artifact id: '0ea059c4e035fd2a2c8805ef4bd150fd') in 0.016366 seconds
Number of updated asset objects reloaded before import = 0
Number of asset objects unloaded after import = 2
========================================================================
Received Import Request.
  Time since last request: 0.000025 seconds.
  path: Assets/AudioClip/punch-a-rock-161647.ogg
  artifactKey: Guid(9ce5061ab1a93fa4db7c7d2e373ff3a7) Importer(815301076,1909f56bfc062723c751e8b465ee728b)
Start importing Assets/AudioClip/punch-a-rock-161647.ogg using Guid(9ce5061ab1a93fa4db7c7d2e373ff3a7) Importer(815301076,1909f56bfc062723c751e8b465ee728b)  -> (artifact id: 'b29a4322094b05223b99d34bd0b2b2c0') in 0.017896 seconds
Number of updated asset objects reloaded before import = 0
Number of asset objects unloaded after import = 2
========================================================================
Received Import Request.
  Time since last request: 0.000080 seconds.
  path: Assets/AudioClip/sci-fi-energy-gun-39409.ogg
  artifactKey: Guid(83e9464f2930a064c8e8b996925facb0) Importer(815301076,1909f56bfc062723c751e8b465ee728b)
Start importing Assets/AudioClip/sci-fi-energy-gun-39409.ogg using Guid(83e9464f2930a064c8e8b996925facb0) Importer(815301076,1909f56bfc062723c751e8b465ee728b)  -> (artifact id: 'f7d8c1b45bcae75773042a7ace78c975') in 0.008854 seconds
Number of updated asset objects reloaded before import = 0
Number of asset objects unloaded after import = 2
========================================================================
Received Import Request.
  Time since last request: 0.000059 seconds.
  path: Assets/AudioClip/footsteps_hallway-6417.ogg
  artifactKey: Guid(ec5099fd1fb9c5249a480079493269a0) Importer(815301076,1909f56bfc062723c751e8b465ee728b)
Start importing Assets/AudioClip/footsteps_hallway-6417.ogg using Guid(ec5099fd1fb9c5249a480079493269a0) Importer(815301076,1909f56bfc062723c751e8b465ee728b)  -> (artifact id: '5e9c1489dac359a3b1c01e197fb1c5a7') in 0.012136 seconds
Number of updated asset objects reloaded before import = 0
Number of asset objects unloaded after import = 2
========================================================================
Received Import Request.
  Time since last request: 10.025184 seconds.
  path: Assets/Texture2D/batteries-1379208_1280.png
  artifactKey: Guid(67672291dd2b24444a6e26cd69d363d5) Importer(815301076,1909f56bfc062723c751e8b465ee728b)
Start importing Assets/Texture2D/batteries-1379208_1280.png using Guid(67672291dd2b24444a6e26cd69d363d5) Importer(815301076,1909f56bfc062723c751e8b465ee728b)  -> (artifact id: '37eb9dafc0a5c2431314917a30592070') in 0.064102 seconds
Number of updated asset objects reloaded before import = 0
Number of asset objects unloaded after import = 3
========================================================================
Received Import Request.
  Time since last request: 0.000049 seconds.
  path: Assets/Texture2D/GunModle_Gun_Emission.png
  artifactKey: Guid(32efc9591ccf464438bbc670dfb7c60e) Importer(815301076,1909f56bfc062723c751e8b465ee728b)
Start importing Assets/Texture2D/GunModle_Gun_Emission.png using Guid(32efc9591ccf464438bbc670dfb7c60e) Importer(815301076,1909f56bfc062723c751e8b465ee728b)  -> (artifact id: '368b07dcd95ec957b7413ba3f38bb206') in 0.013938 seconds
Number of updated asset objects reloaded before import = 0
Number of asset objects unloaded after import = 2
========================================================================
Received Import Request.
  Time since last request: 0.000028 seconds.
  path: Assets/Texture2D/concrete_0027_height_2k.png
  artifactKey: Guid(404e395c43d74004e9dbdd7537fc72c4) Importer(815301076,1909f56bfc062723c751e8b465ee728b)
Start importing Assets/Texture2D/concrete_0027_height_2k.png using Guid(404e395c43d74004e9dbdd7537fc72c4) Importer(815301076,1909f56bfc062723c751e8b465ee728b)  -> (artifact id: '4033e8ccb0f7ec622f921bb7eed64a2d') in 0.027627 seconds
Number of updated asset objects reloaded before import = 0
Number of asset objects unloaded after import = 2
========================================================================
Received Import Request.
  Time since last request: 0.000022 seconds.
  path: Assets/Texture2D/GunModle_Gun_AlbedoAO.png
  artifactKey: Guid(848a3a5959a9f504ab74d8c7db79a926) Importer(815301076,1909f56bfc062723c751e8b465ee728b)
Start importing Assets/Texture2D/GunModle_Gun_AlbedoAO.png using Guid(848a3a5959a9f504ab74d8c7db79a926) Importer(815301076,1909f56bfc062723c751e8b465ee728b)  -> (artifact id: 'aee35ef10bf65a8440bd091da6c7f397') in 0.010882 seconds
Number of updated asset objects reloaded before import = 0
Number of asset objects unloaded after import = 2
========================================================================
Received Import Request.
  Time since last request: 0.000044 seconds.
  path: Assets/Texture2D/Sci-Fi_Wall_012_ambientOcclusion.png
  artifactKey: Guid(e7b904624d6eede4698ab9405ea51e93) Importer(815301076,1909f56bfc062723c751e8b465ee728b)
Start importing Assets/Texture2D/Sci-Fi_Wall_012_ambientOcclusion.png using Guid(e7b904624d6eede4698ab9405ea51e93) Importer(815301076,1909f56bfc062723c751e8b465ee728b)  -> (artifact id: '2fc03b68848b09e707ae2a5d6000cd88') in 0.016024 seconds
Number of updated asset objects reloaded before import = 0
Number of asset objects unloaded after import = 2
========================================================================
Received Import Request.
  Time since last request: 0.000023 seconds.
  path: Assets/Texture2D/GunModle_Gun_Normal.png
  artifactKey: Guid(d52260e294141f04a86128cb3d93a6f2) Importer(815301076,1909f56bfc062723c751e8b465ee728b)
Start importing Assets/Texture2D/GunModle_Gun_Normal.png using Guid(d52260e294141f04a86128cb3d93a6f2) Importer(815301076,1909f56bfc062723c751e8b465ee728b)  -> (artifact id: '7d54beec941494ba03303b41dfead2b2') in 0.023818 seconds
Number of updated asset objects reloaded before import = 0
Number of asset objects unloaded after import = 2
========================================================================
Received Import Request.
  Time since last request: 0.000028 seconds.
  path: Assets/Texture2D/floor_pavement_rough_4k.png
  artifactKey: Guid(d4ef49fcf60269e4b92dbaa17d4db14b) Importer(815301076,1909f56bfc062723c751e8b465ee728b)
Start importing Assets/Texture2D/floor_pavement_rough_4k.png using Guid(d4ef49fcf60269e4b92dbaa17d4db14b) Importer(815301076,1909f56bfc062723c751e8b465ee728b)  -> (artifact id: '778f062dc2c6a1dc0d7677c7c159d946') in 0.022411 seconds
Number of updated asset objects reloaded before import = 0
Number of asset objects unloaded after import = 2
========================================================================
Received Import Request.
  Time since last request: 0.000023 seconds.
  path: Assets/Texture2D/MGag8joLSPPBXvNbomEo--1--35a5z.png
  artifactKey: Guid(96d4ebe7f9a14c847a16c295fd37fe29) Importer(815301076,1909f56bfc062723c751e8b465ee728b)
Start importing Assets/Texture2D/MGag8joLSPPBXvNbomEo--1--35a5z.png using Guid(96d4ebe7f9a14c847a16c295fd37fe29) Importer(815301076,1909f56bfc062723c751e8b465ee728b)  -> (artifact id: '0a46d7a568b0f3bc58682c13cb1aebbf') in 0.021418 seconds
Number of updated asset objects reloaded before import = 0
Number of asset objects unloaded after import = 2
========================================================================
Received Import Request.
  Time since last request: 0.000049 seconds.
  path: Assets/Texture2D/Sci-Fi_Wall_012_normal.png
  artifactKey: Guid(30ff339ad7949284cad455278dd09813) Importer(815301076,1909f56bfc062723c751e8b465ee728b)
Start importing Assets/Texture2D/Sci-Fi_Wall_012_normal.png using Guid(30ff339ad7949284cad455278dd09813) Importer(815301076,1909f56bfc062723c751e8b465ee728b)  -> (artifact id: '1e227445156e83784f241bd11885cdae') in 0.010340 seconds
Number of updated asset objects reloaded before import = 0
Number of asset objects unloaded after import = 2
========================================================================
Received Import Request.
  Time since last request: 0.000021 seconds.
  path: Assets/Texture2D/concrete_0027_metallic_2k.png
  artifactKey: Guid(dfc4c9f0dba93fa458120c376a774750) Importer(815301076,1909f56bfc062723c751e8b465ee728b)
Start importing Assets/Texture2D/concrete_0027_metallic_2k.png using Guid(dfc4c9f0dba93fa458120c376a774750) Importer(815301076,1909f56bfc062723c751e8b465ee728b)  -> (artifact id: '733539e8d5955fe0f884f0f8534ecea8') in 0.014272 seconds
Number of updated asset objects reloaded before import = 0
Number of asset objects unloaded after import = 2
========================================================================
Received Import Request.
  Time since last request: 0.000053 seconds.
  path: Assets/Texture2D/concrete_0027_ao_2k.png
  artifactKey: Guid(f656c7562bcbdcd4d9084c20f6a04937) Importer(815301076,1909f56bfc062723c751e8b465ee728b)
Start importing Assets/Texture2D/concrete_0027_ao_2k.png using Guid(f656c7562bcbdcd4d9084c20f6a04937) Importer(815301076,1909f56bfc062723c751e8b465ee728b)  -> (artifact id: '773cb57025b9cf860f9ce64ccdb522b2') in 0.023641 seconds
Number of updated asset objects reloaded before import = 0
Number of asset objects unloaded after import = 2
========================================================================
Received Import Request.
  Time since last request: 0.000032 seconds.
  path: Assets/Texture2D/oYLrcEN4hFusr6hHTqWn--1--u4cc2.png
  artifactKey: Guid(9419e075f1bfdc14aa85655a45df3386) Importer(815301076,1909f56bfc062723c751e8b465ee728b)
Start importing Assets/Texture2D/oYLrcEN4hFusr6hHTqWn--1--u4cc2.png using Guid(9419e075f1bfdc14aa85655a45df3386) Importer(815301076,1909f56bfc062723c751e8b465ee728b)  -> (artifact id: 'd0c43767c2930b07f7c52cea456d340a') in 0.025597 seconds
Number of updated asset objects reloaded before import = 0
Number of asset objects unloaded after import = 2
========================================================================
Received Import Request.
  Time since last request: 0.000022 seconds.
  path: Assets/Texture2D/GunModle_Gun_MetallicSmoothness.png
  artifactKey: Guid(3d85c519dc1a1c64b86bff28ecab7538) Importer(815301076,1909f56bfc062723c751e8b465ee728b)
Start importing Assets/Texture2D/GunModle_Gun_MetallicSmoothness.png using Guid(3d85c519dc1a1c64b86bff28ecab7538) Importer(815301076,1909f56bfc062723c751e8b465ee728b)  -> (artifact id: '602026c528195ac65f599fc7c8fae124') in 0.017872 seconds
Number of updated asset objects reloaded before import = 0
Number of asset objects unloaded after import = 2
Editor requested this worker to shutdown with reason: Scaling down because of idle timeout
TcpMessagingSession - receive error: operation aborted. errorcode: 995, details: The I/O operation has been aborted because of either a thread exit or an application request.
AssetImportWorker is now disconnected from the server
Process exiting
Exiting without the bug reporter. Application will terminate with return code 0